# JRE version: Java(TM) SE Runtime Environment (8.0_45-b15) (build 1.8.0_45-b15)
# Java VM: Java HotSpot(TM) 64-Bit Server VM (25.45-b02 mixed mode windows-amd64 compressed oops)
Heap:
 PSYoungGen      total 353792K, used 185520K [0x00000000e0000000, 0x00000000ffb00000, 0x0000000100000000)
  eden space 253440K, 52% used [0x00000000e0000000,0x00000000e819b198,0x00000000ef780000)
  from space 100352K, 52% used [0x00000000ef780000,0x00000000f2b10e68,0x00000000f5980000)
  to   space 98816K, 0% used [0x00000000f9a80000,0x00000000f9a80000,0x00000000ffb00000)
 ParOldGen       total 231936K, used 150299K [0x00000000a0000000, 0x00000000ae280000, 0x00000000e0000000)
  object space 231936K, 64% used [0x00000000a0000000,0x00000000a92c6db8,0x00000000ae280000)
 Metaspace       used 78510K, capacity 83686K, committed 83928K, reserved 1122304K
  class space    used 10216K, capacity 11166K, committed 11264K, reserved 1048576K
GC Heap History (10 events):
Event: 2101.763 GC heap before
{Heap before GC invocations=26 (full 3):
 PSYoungGen      total 288768K, used 288531K [0x00000000e0000000, 0x00000000f7a80000, 0x0000000100000000)
  eden space 245760K, 100% used [0x00000000e0000000,0x00000000ef000000,0x00000000ef000000)
  from space 43008K, 99% used [0x00000000f5080000,0x00000000f7a44f68,0x00000000f7a80000)
  to   space 63488K, 0% used [0x00000000efe80000,0x00000000efe80000,0x00000000f3c80000)
 ParOldGen       total 231936K, used 111148K [0x00000000a0000000, 0x00000000ae280000, 0x00000000e0000000)
  object space 231936K, 47% used [0x00000000a0000000,0x00000000a6c8b310,0x00000000ae280000)
 Metaspace       used 77009K, capacity 81784K, committed 81880K, reserved 1120256K
  class space    used 10082K, capacity 11005K, committed 11008K, reserved 1048576K
Event: 2101.871 GC heap after
Heap after GC invocations=26 (full 3):
 PSYoungGen      total 290304K, used 51684K [0x00000000e0000000, 0x00000000f6f00000, 0x0000000100000000)
  eden space 238592K, 0% used [0x00000000e0000000,0x00000000e0000000,0x00000000ee900000)
  from space 51712K, 99% used [0x00000000efe80000,0x00000000f30f92f0,0x00000000f3100000)
  to   space 63488K, 0% used [0x00000000f3100000,0x00000000f3100000,0x00000000f6f00000)
 ParOldGen       total 231936K, used 111156K [0x00000000a0000000, 0x00000000ae280000, 0x00000000e0000000)
  object space 231936K, 47% used [0x00000000a0000000,0x00000000a6c8d310,0x00000000ae280000)
 Metaspace       used 77009K, capacity 81784K, committed 81880K, reserved 1120256K
  class space    used 10082K, capacity 11005K, committed 11008K, reserved 1048576K
}
Event: 2106.835 GC heap before
{Heap before GC invocations=27 (full 3):
 PSYoungGen      total 290304K, used 290276K [0x00000000e0000000, 0x00000000f6f00000, 0x0000000100000000)
  eden space 238592K, 100% used [0x00000000e0000000,0x00000000ee900000,0x00000000ee900000)
  from space 51712K, 99% used [0x00000000efe80000,0x00000000f30f92f0,0x00000000f3100000)
  to   space 63488K, 0% used [0x00000000f3100000,0x00000000f3100000,0x00000000f6f00000)
 ParOldGen       total 231936K, used 111156K [0x00000000a0000000, 0x00000000ae280000, 0x00000000e0000000)
  object space 231936K, 47% used [0x00000000a0000000,0x00000000a6c8d310,0x00000000ae280000)
 Metaspace       used 77860K, capacity 82854K, committed 83032K, reserved 1122304K
  class space    used 10165K, capacity 11120K, committed 11136K, reserved 1048576K
Event: 2106.923 GC heap after
Heap after GC invocations=27 (full 3):
 PSYoungGen      total 294400K, used 63481K [0x00000000e0000000, 0x00000000fa380000, 0x0000000100000000)
  eden space 230912K, 0% used [0x00000000e0000000,0x00000000e0000000,0x00000000ee180000)
  from space 63488K, 99% used [0x00000000f3100000,0x00000000f6efe470,0x00000000f6f00000)
  to   space 81408K, 0% used [0x00000000ee180000,0x00000000ee180000,0x00000000f3100000)
 ParOldGen       total 231936K, used 122203K [0x00000000a0000000, 0x00000000ae280000, 0x00000000e0000000)
  object space 231936K, 52% used [0x00000000a0000000,0x00000000a7756fa8,0x00000000ae280000)
 Metaspace       used 77860K, capacity 82854K, committed 83032K, reserved 1122304K
  class space    used 10165K, capacity 11120K, committed 11136K, reserved 1048576K
}
Event: 2110.167 GC heap before
{Heap before GC invocations=28 (full 3):
 PSYoungGen      total 294400K, used 294393K [0x00000000e0000000, 0x00000000fa380000, 0x0000000100000000)
  eden space 230912K, 100% used [0x00000000e0000000,0x00000000ee180000,0x00000000ee180000)
  from space 63488K, 99% used [0x00000000f3100000,0x00000000f6efe470,0x00000000f6f00000)
  to   space 81408K, 0% used [0x00000000ee180000,0x00000000ee180000,0x00000000f3100000)
 ParOldGen       total 231936K, used 122203K [0x00000000a0000000, 0x00000000ae280000, 0x00000000e0000000)
  object space 231936K, 52% used [0x00000000a0000000,0x00000000a7756fa8,0x00000000ae280000)
 Metaspace       used 78223K, capacity 83244K, committed 83288K, reserved 1122304K
  class space    used 10181K, capacity 11131K, committed 11136K, reserved 1048576K
Event: 2110.291 GC heap after
Heap after GC invocations=28 (full 3):
 PSYoungGen      total 312320K, used 80423K [0x00000000e0000000, 0x00000000fb500000, 0x0000000100000000)
  eden space 230912K, 0% used [0x00000000e0000000,0x00000000e0000000,0x00000000ee180000)
  from space 81408K, 98% used [0x00000000ee180000,0x00000000f3009f08,0x00000000f3100000)
  to   space 93696K, 0% used [0x00000000f5980000,0x00000000f5980000,0x00000000fb500000)
 ParOldGen       total 231936K, used 136859K [0x00000000a0000000, 0x00000000ae280000, 0x00000000e0000000)
  object space 231936K, 59% used [0x00000000a0000000,0x00000000a85a6e38,0x00000000ae280000)
 Metaspace       used 78223K, capacity 83244K, committed 83288K, reserved 1122304K
  class space    used 10181K, capacity 11131K, committed 11136K, reserved 1048576K
}
Event: 2111.543 GC heap before
{Heap before GC invocations=29 (full 3):
 PSYoungGen      total 312320K, used 310634K [0x00000000e0000000, 0x00000000fb500000, 0x0000000100000000)
  eden space 230912K, 99% used [0x00000000e0000000,0x00000000ee0d0c00,0x00000000ee180000)
  from space 81408K, 98% used [0x00000000ee180000,0x00000000f3009f08,0x00000000f3100000)
  to   space 93696K, 0% used [0x00000000f5980000,0x00000000f5980000,0x00000000fb500000)
 ParOldGen       total 231936K, used 136859K [0x00000000a0000000, 0x00000000ae280000, 0x00000000e0000000)
  object space 231936K, 59% used [0x00000000a0000000,0x00000000a85a6e38,0x00000000ae280000)
 Metaspace       used 78358K, capacity 83472K, committed 83672K, reserved 1122304K
  class space    used 10198K, capacity 11149K, committed 11264K, reserved 1048576K
Event: 2111.618 GC heap after
Heap after GC invocations=29 (full 3):
 PSYoungGen      total 347136K, used 71574K [0x00000000e0000000, 0x00000000fca00000, 0x0000000100000000)
  eden space 253440K, 0% used [0x00000000e0000000,0x00000000e0000000,0x00000000ef780000)
  from space 93696K, 76% used [0x00000000f5980000,0x00000000f9f65ad0,0x00000000fb500000)
  to   space 100352K, 0% used [0x00000000ef780000,0x00000000ef780000,0x00000000f5980000)
 ParOldGen       total 231936K, used 136859K [0x00000000a0000000, 0x00000000ae280000, 0x00000000e0000000)
  object space 231936K, 59% used [0x00000000a0000000,0x00000000a85a6e38,0x00000000ae280000)
 Metaspace       used 78358K, capacity 83472K, committed 83672K, reserved 1122304K
  class space    used 10198K, capacity 11149K, committed 11264K, reserved 1048576K
}
Event: 2111.659 GC heap before
{Heap before GC invocations=30 (full 3):
 PSYoungGen      total 347136K, used 324083K [0x00000000e0000000, 0x00000000fca00000, 0x0000000100000000)
  eden space 253440K, 99% used [0x00000000e0000000,0x00000000ef697228,0x00000000ef780000)
  from space 93696K, 76% used [0x00000000f5980000,0x00000000f9f65ad0,0x00000000fb500000)
  to   space 100352K, 0% used [0x00000000ef780000,0x00000000ef780000,0x00000000f5980000)
 ParOldGen       total 231936K, used 136859K [0x00000000a0000000, 0x00000000ae280000, 0x00000000e0000000)
  object space 231936K, 59% used [0x00000000a0000000,0x00000000a85a6e38,0x00000000ae280000)
 Metaspace       used 78366K, capacity 83472K, committed 83672K, reserved 1122304K
  class space    used 10198K, capacity 11149K, committed 11264K, reserved 1048576K
Event: 2111.732 GC heap after
Heap after GC invocations=30 (full 3):
 PSYoungGen      total 353792K, used 52803K [0x00000000e0000000, 0x00000000ffb00000, 0x0000000100000000)
  eden space 253440K, 0% used [0x00000000e0000000,0x00000000e0000000,0x00000000ef780000)
  from space 100352K, 52% used [0x00000000ef780000,0x00000000f2b10e68,0x00000000f5980000)
  to   space 98816K, 0% used [0x00000000f9a80000,0x00000000f9a80000,0x00000000ffb00000)
 ParOldGen       total 231936K, used 150299K [0x00000000a0000000, 0x00000000ae280000, 0x00000000e0000000)
  object space 231936K, 64% used [0x00000000a0000000,0x00000000a92c6db8,0x00000000ae280000)
 Metaspace       used 78366K, capacity 83472K, committed 83672K, reserved 1122304K
  class space    used 10198K, capacity 11149K, committed 11264K, reserved 1048576K
}

